0 info it worked if it ends with ok
1 verbose cli [ '/usr/local/Cellar/node/5.6.0/bin/node',
1 verbose cli   '/usr/local/bin/npm',
1 verbose cli   'install',
1 verbose cli   '-g',
1 verbose cli   'ios-deploy' ]
2 info using npm@3.6.0
3 info using node@v5.6.0
4 silly loadCurrentTree Starting
5 silly install loadCurrentTree
6 silly install readGlobalPackageData
7 silly fetchPackageMetaData ios-deploy
8 silly fetchNamedPackageData ios-deploy
9 silly mapToRegistry name ios-deploy
10 silly mapToRegistry using default registry
11 silly mapToRegistry registry https://registry.npmjs.org/
12 silly mapToRegistry uri https://registry.npmjs.org/ios-deploy
13 verbose request uri https://registry.npmjs.org/ios-deploy
14 verbose request no auth needed
15 info attempt registry request try #1 at 12:43:35
16 verbose request id 6a4a5e3b4e5551d1
17 http request GET https://registry.npmjs.org/ios-deploy
18 http 200 https://registry.npmjs.org/ios-deploy
19 verbose headers { server: 'CouchDB/1.5.0 (Erlang OTP/R16B03)',
19 verbose headers   etag: '"3IX4O2OE32NR3B9J47NYJRHYU"',
19 verbose headers   'content-type': 'application/json',
19 verbose headers   'cache-control': 'max-age=300',
19 verbose headers   'content-length': '35616',
19 verbose headers   'accept-ranges': 'bytes',
19 verbose headers   date: 'Sat, 27 Feb 2016 11:43:36 GMT',
19 verbose headers   via: '1.1 varnish',
19 verbose headers   age: '0',
19 verbose headers   connection: 'keep-alive',
19 verbose headers   'x-served-by': 'cache-fra1236-FRA',
19 verbose headers   'x-cache': 'HIT',
19 verbose headers   'x-cache-hits': '1',
19 verbose headers   'x-timer': 'S1456573415.541785,VS0,VE749',
19 verbose headers   vary: 'Accept' }
20 silly get cb [ 200,
20 silly get   { server: 'CouchDB/1.5.0 (Erlang OTP/R16B03)',
20 silly get     etag: '"3IX4O2OE32NR3B9J47NYJRHYU"',
20 silly get     'content-type': 'application/json',
20 silly get     'cache-control': 'max-age=300',
20 silly get     'content-length': '35616',
20 silly get     'accept-ranges': 'bytes',
20 silly get     date: 'Sat, 27 Feb 2016 11:43:36 GMT',
20 silly get     via: '1.1 varnish',
20 silly get     age: '0',
20 silly get     connection: 'keep-alive',
20 silly get     'x-served-by': 'cache-fra1236-FRA',
20 silly get     'x-cache': 'HIT',
20 silly get     'x-cache-hits': '1',
20 silly get     'x-timer': 'S1456573415.541785,VS0,VE749',
20 silly get     vary: 'Accept' } ]
21 verbose get saving ios-deploy to /Users/bob/.npm/registry.npmjs.org/ios-deploy/.cache.json
22 verbose correctMkdir /Users/bob/.npm correctMkdir not in flight; initializing
23 silly install normalizeTree
24 silly loadCurrentTree Finishing
25 silly loadIdealTree Starting
26 silly install loadIdealTree
27 silly cloneCurrentTree Starting
28 silly install cloneCurrentTreeToIdealTree
29 silly cloneCurrentTree Finishing
30 silly loadShrinkwrap Starting
31 silly install loadShrinkwrap
32 silly loadShrinkwrap Finishing
33 silly loadAllDepsIntoIdealTree Starting
34 silly install loadAllDepsIntoIdealTree
35 silly resolveWithNewModule ios-deploy@1.8.5 checking installable status
36 silly cache add args [ 'ios-deploy', null ]
37 verbose cache add spec ios-deploy
38 silly cache add parsed spec Result {
38 silly cache add   raw: 'ios-deploy',
38 silly cache add   scope: null,
38 silly cache add   name: 'ios-deploy',
38 silly cache add   rawSpec: '',
38 silly cache add   spec: 'latest',
38 silly cache add   type: 'tag' }
39 silly addNamed ios-deploy@latest
40 verbose addNamed "latest" is being treated as a dist-tag for ios-deploy
41 info addNameTag [ 'ios-deploy', 'latest' ]
42 silly mapToRegistry name ios-deploy
43 silly mapToRegistry using default registry
44 silly mapToRegistry registry https://registry.npmjs.org/
45 silly mapToRegistry uri https://registry.npmjs.org/ios-deploy
46 verbose addNameTag registry:https://registry.npmjs.org/ios-deploy not in flight; fetching
47 verbose get https://registry.npmjs.org/ios-deploy not expired, no request
48 silly addNameTag next cb for ios-deploy with tag latest
49 silly addNamed ios-deploy@1.8.5
50 verbose addNamed "1.8.5" is a plain semver version for ios-deploy
51 silly mapToRegistry name ios-deploy
52 silly mapToRegistry using default registry
53 silly mapToRegistry registry https://registry.npmjs.org/
54 silly mapToRegistry uri https://registry.npmjs.org/ios-deploy
55 verbose addRemoteTarball https://registry.npmjs.org/ios-deploy/-/ios-deploy-1.8.5.tgz not in flight; adding
56 verbose addRemoteTarball [ 'https://registry.npmjs.org/ios-deploy/-/ios-deploy-1.8.5.tgz',
56 verbose addRemoteTarball   '0b68ea29bf23a53981c7d09238cf12ca74aa1dba' ]
57 info retry fetch attempt 1 at 12:43:36
58 info attempt registry request try #1 at 12:43:36
59 http fetch GET https://registry.npmjs.org/ios-deploy/-/ios-deploy-1.8.5.tgz
60 http fetch 200 https://registry.npmjs.org/ios-deploy/-/ios-deploy-1.8.5.tgz
61 silly fetchAndShaCheck shasum 0b68ea29bf23a53981c7d09238cf12ca74aa1dba
62 verbose addTmpTarball /tmp/npm-1996-a2ceba63/registry.npmjs.org/ios-deploy/-/ios-deploy-1.8.5.tgz not in flight; adding
63 verbose addTmpTarball already have metadata; skipping unpack for ios-deploy@1.8.5
64 verbose correctMkdir /Users/bob/.npm correctMkdir not in flight; initializing
65 silly cache afterAdd ios-deploy@1.8.5
66 verbose afterAdd /Users/bob/.npm/ios-deploy/1.8.5/package/package.json not in flight; writing
67 verbose correctMkdir /Users/bob/.npm correctMkdir not in flight; initializing
68 verbose afterAdd /Users/bob/.npm/ios-deploy/1.8.5/package/package.json written
69 silly loadAllDepsIntoIdealTree Finishing
70 silly idealTree:prePrune lib
70 silly idealTree:prePrune └── ios-deploy@1.8.5
71 silly loadIdealTree Finishing
72 silly currentTree lib
73 silly idealTree lib
73 silly idealTree └── ios-deploy@1.8.5
74 silly generateActionsToTake Starting
75 silly install generateActionsToTake
76 silly generateActionsToTake Finishing
77 silly diffTrees action count 1
78 silly diffTrees add ios-deploy@1.8.5
79 silly decomposeActions action count 8
80 silly decomposeActions fetch ios-deploy@1.8.5
81 silly decomposeActions extract ios-deploy@1.8.5
82 silly decomposeActions test ios-deploy@1.8.5
83 silly decomposeActions preinstall ios-deploy@1.8.5
84 silly decomposeActions build ios-deploy@1.8.5
85 silly decomposeActions install ios-deploy@1.8.5
86 silly decomposeActions postinstall ios-deploy@1.8.5
87 silly decomposeActions finalize ios-deploy@1.8.5
88 silly executeActions Starting
89 silly install executeActions
90 silly doSerial global-install 0
91 silly doParallel fetch 1
92 verbose correctMkdir /Users/bob/.npm/_locks correctMkdir not in flight; initializing
93 verbose lock using /Users/bob/.npm/_locks/staging-3a08f0df5026584d.lock for /usr/local/lib/node_modules/.staging
94 silly doParallel extract 1
95 silly extract ios-deploy@1.8.5
96 verbose unbuild lib/node_modules/.staging/ios-deploy-298c9491
97 silly gentlyRm /usr/local/lib/node_modules/.staging/ios-deploy-298c9491 is being purged from base /usr/local
98 verbose gentlyRm don't care about contents; nuking /usr/local/lib/node_modules/.staging/ios-deploy-298c9491
99 verbose tar unpack /Users/bob/.npm/ios-deploy/1.8.5/package.tgz
100 verbose tar unpacking to /usr/local/lib/node_modules/.staging/ios-deploy-298c9491
101 silly gentlyRm /usr/local/lib/node_modules/.staging/ios-deploy-298c9491 is being purged
102 verbose gentlyRm don't care about contents; nuking /usr/local/lib/node_modules/.staging/ios-deploy-298c9491
103 silly gunzTarPerm modes [ '755', '644' ]
104 silly gunzTarPerm extractEntry package.json
105 silly gunzTarPerm extractEntry .npmignore
106 silly gunzTarPerm extractEntry README.md
107 silly gunzTarPerm extractEntry LICENSE
108 silly gunzTarPerm extractEntry CONTRIBUTING.md
109 silly gunzTarPerm extractEntry demo/.npmignore
110 silly gunzTarPerm extractEntry demo/Entitlements.plist
111 silly gunzTarPerm extractEntry demo/Info.plist
112 silly gunzTarPerm extractEntry demo/Makefile
113 silly gunzTarPerm extractEntry demo/ResourceRules.plist
114 silly gunzTarPerm extractEntry demo/demo.c
115 silly gunzTarPerm extractEntry ios-deploy.xcodeproj/project.pbxproj
116 silly gunzTarPerm extractEntry ios-deploy.xcodeproj/xcshareddata/xcschemes/ios-deploy-tests.xcscheme
117 silly gunzTarPerm extractEntry src/ios-deploy/MobileDevice.h
118 silly gunzTarPerm extractEntry src/ios-deploy/errors.h
119 silly gunzTarPerm extractEntry src/ios-deploy/ios-deploy.m
120 silly gunzTarPerm extractEntry src/ios-deploy/lldb.py.h
121 silly gunzTarPerm extractEntry src/ios-deploy/version.h
122 silly gunzTarPerm extractEntry src/ios-deploy-lib/libios_deploy.h
123 silly gunzTarPerm extractEntry src/ios-deploy-lib/libios_deploy.m
124 silly gunzTarPerm extractEntry src/ios-deploy-tests/Info.plist
125 silly gunzTarPerm extractEntry src/ios-deploy-tests/ios_deploy_tests.m
126 silly gunzTarPerm extractEntry src/scripts/check_reqs.js
127 silly gunzTarPerm extractEntry src/scripts/lldb.py
128 silly gunzTarPerm extractEntry src/scripts/lldb.pyc
129 silly gentlyRm /usr/local/lib/node_modules/.staging/ios-deploy-298c9491/node_modules is being purged
130 verbose gentlyRm don't care about contents; nuking /usr/local/lib/node_modules/.staging/ios-deploy-298c9491/node_modules
131 silly doParallel preinstall 1
132 silly preinstall ios-deploy@1.8.5 /usr/local/lib/node_modules/.staging/ios-deploy-298c9491
133 info lifecycle ios-deploy@1.8.5~preinstall: ios-deploy@1.8.5
134 warn lifecycle ios-deploy@1.8.5~preinstall: cannot run in wd %s %s (wd=%s) ios-deploy@1.8.5 ./src/scripts/check_reqs.js && xcodebuild /usr/local/lib/node_modules/.staging/ios-deploy-298c9491
135 silly doReverseSerial remove 0
136 silly doSerial move 0
137 silly doSerial finalize 1
138 silly finalize /usr/local/lib/node_modules/ios-deploy
139 silly doSerial build 1
140 silly build ios-deploy@1.8.5
141 info linkStuff ios-deploy@1.8.5
142 silly linkStuff ios-deploy@1.8.5 has /usr/local/lib/node_modules as its parent node_modules
143 silly linkStuff ios-deploy@1.8.5 is part of a global install
144 silly linkStuff ios-deploy@1.8.5 is installed into a global node_modules
145 silly linkStuff ios-deploy@1.8.5 is installed into the top-level global node_modules
146 verbose linkBins ios-deploy@1.8.5
147 verbose link bins [ { 'ios-deploy': './build/Release/ios-deploy' },
147 verbose link bins   '/usr/local/bin',
147 verbose link bins   true ]
148 verbose linkMans ios-deploy@1.8.5
149 verbose unlock done using /Users/bob/.npm/_locks/staging-3a08f0df5026584d.lock for /usr/local/lib/node_modules/.staging
150 silly rollbackFailedOptional Starting
151 silly rollbackFailedOptional Finishing
152 silly runTopLevelLifecycles Starting
153 silly runTopLevelLifecycles Finishing
154 silly install printInstalled
155 verbose stack Error: ENOENT: no such file or directory, chmod '/usr/local/lib/node_modules/ios-deploy/build/Release/ios-deploy'
155 verbose stack     at Error (native)
156 verbose cwd /Users/bob/Projects/Passwork-Mobile/workshop
157 error Darwin 15.3.0
158 error argv "/usr/local/Cellar/node/5.6.0/bin/node" "/usr/local/bin/npm" "install" "-g" "ios-deploy"
159 error node v5.6.0
160 error npm  v3.6.0
161 error path /usr/local/lib/node_modules/ios-deploy/build/Release/ios-deploy
162 error code ENOENT
163 error errno -2
164 error syscall chmod
165 error enoent ENOENT: no such file or directory, chmod '/usr/local/lib/node_modules/ios-deploy/build/Release/ios-deploy'
166 error enoent ENOENT: no such file or directory, chmod '/usr/local/lib/node_modules/ios-deploy/build/Release/ios-deploy'
166 error enoent This is most likely not a problem with npm itself
166 error enoent and is related to npm not being able to find a file.
167 verbose exit [ -2, true ]
